<?xml version="1.0" encoding="UTF-8"?>
<!-- Generated by org.testng.reporters.JUnitXMLReporter -->
<testsuite hostname="LP1-AP-51807597" ignored="0" name="Test" tests="3" failures="0" timestamp="21 Aug 2019 12:23:30 GMT" time="7.415" errors="0">
  <testcase name="testc" time="0.68" classname="com.datatesting.DataProvider_Parameter"/>
  <testcase name="testc" time="0.545" classname="com.datatesting.DataProvider_Parameter"/>
  <testcase name="test" time="0.564" classname="com.datatesting.DataProvider_Parameter"/>
</testsuite> <!-- Test -->
